<?xml version="1.0" encoding="UTF-8"?>
<!-- Generated by org.testng.reporters.JUnitXMLReporter -->
<testsuite hostname="LAPTOP-U74TRLLP" ignored="4" name="Test" tests="6" failures="0" timestamp="2020-12-02T02:26:50 IST" time="34.097" errors="0">
  <testcase name="testLoginPage" time="3.967" classname="Sir.com.TestScripts.TestScript1Login"/>
  <testcase name="testLoginPage" time="3.558" classname="Sir.com.TestScripts.TestScript1Login"/>
  <testcase name="testLoginPage" time="3.532" classname="Sir.com.TestScripts.TestScript1Login"/>
  <testcase name="testLoginPage" time="3.57" classname="Sir.com.TestScripts.TestScript1Login"/>
  <testcase name="testOnWindow" time="4.892" classname="Sir.com.TestScripts.TestScript2"/>
  <testcase name="testsetCalender" time="4.903" classname="Sir.com.TestScripts.TestScript3"/>
  <testcase name="@BeforeTest setupBrowser" time="0.0" classname="Sir.com.util.BaseClass">
    <ignored/>
  </testcase> <!-- @BeforeTest setupBrowser -->
  <testcase name="@BeforeTest setupBrowser" time="0.0" classname="Sir.com.util.BaseClass">
    <ignored/>
  </testcase> <!-- @BeforeTest setupBrowser -->
  <testcase name="@AfterTest closeBrowser" time="0.0" classname="Sir.com.util.BaseClass">
    <ignored/>
  </testcase> <!-- @AfterTest closeBrowser -->
  <testcase name="@AfterTest closeBrowser" time="0.0" classname="Sir.com.util.BaseClass">
    <ignored/>
  </testcase> <!-- @AfterTest closeBrowser -->
</testsuite> <!-- Test -->
