<?xml version="1.0" encoding="UTF-8"?>
<testng-results skipped="0" failed="0" ignored="4" total="10" passed="6">
  <reporter-output>
  </reporter-output>
  <suite name="Suite" duration-ms="34097" started-at="2020-12-02T02:26:15 IST" finished-at="2020-12-02T02:26:49 IST">
    <groups>
    </groups>
    <test name="Test" duration-ms="34097" started-at="2020-12-02T02:26:15 IST" finished-at="2020-12-02T02:26:49 IST">
      <class name="Sir.com.TestScripts.TestScript3">
        <test-method status="PASS" signature="testsetCalender()[pri:0, instance:Sir.com.TestScripts.TestScript3@3a5ed7a6]" name="testsetCalender" duration-ms="4903" started-at="2020-12-02T02:26:44 IST" finished-at="2020-12-02T02:26:49 IST">
          <reporter-output>
          </reporter-output>
        </test-method> <!-- testsetCalender -->
      </class> <!-- Sir.com.TestScripts.TestScript3 -->
      <class name="Sir.com.TestScripts.TestScript2">
        <test-method status="PASS" signature="testOnWindow()[pri:0, instance:Sir.com.TestScripts.TestScript2@7791a895]" name="testOnWindow" duration-ms="4892" started-at="2020-12-02T02:26:39 IST" finished-at="2020-12-02T02:26:44 IST">
          <reporter-output>
          </reporter-output>
        </test-method> <!-- testOnWindow -->
      </class> <!-- Sir.com.TestScripts.TestScript2 -->
      <class name="Sir.com.TestScripts.TestScript1Login">
        <test-method status="PASS" signature="setupBrowser(java.lang.String)[pri:0, instance:Sir.com.TestScripts.TestScript1Login@7d907bac]" name="setupBrowser" is-config="true" duration-ms="7555" started-at="2020-12-02T02:26:15 IST" finished-at="2020-12-02T02:26:22 IST">
          <params>
            <param index="0">
              <value>
                <![CDATA[chrome]]>
              </value>
            </param>
          </params>
          <reporter-output>
          </reporter-output>
        </test-method> <!-- setupBrowser -->
        <test-method status="PASS" signature="testLoginPage(java.lang.String, java.lang.String)[pri:0, instance:Sir.com.TestScripts.TestScript1Login@7d907bac]" name="testLoginPage" duration-ms="3967" started-at="2020-12-02T02:26:24 IST" data-provider="actiTimeData" finished-at="2020-12-02T02:26:28 IST">
          <params>
            <param index="0">
              <value>
                <![CDATA[admin]]>
              </value>
            </param>
            <param index="1">
              <value>
                <![CDATA[manager]]>
              </value>
            </param>
          </params>
          <reporter-output>
          </reporter-output>
        </test-method> <!-- testLoginPage -->
        <test-method status="PASS" signature="testLoginPage(java.lang.String, java.lang.String)[pri:0, instance:Sir.com.TestScripts.TestScript1Login@7d907bac]" name="testLoginPage" duration-ms="3558" started-at="2020-12-02T02:26:28 IST" data-provider="actiTimeData" finished-at="2020-12-02T02:26:32 IST">
          <params>
            <param index="0">
              <value>
                <![CDATA[1111.0]]>
              </value>
            </param>
            <param index="1">
              <value>
                <![CDATA[111.0]]>
              </value>
            </param>
          </params>
          <reporter-output>
          </reporter-output>
        </test-method> <!-- testLoginPage -->
        <test-method status="PASS" signature="testLoginPage(java.lang.String, java.lang.String)[pri:0, instance:Sir.com.TestScripts.TestScript1Login@7d907bac]" name="testLoginPage" duration-ms="3532" started-at="2020-12-02T02:26:32 IST" data-provider="actiTimeData" finished-at="2020-12-02T02:26:35 IST">
          <params>
            <param index="0">
              <value>
                <![CDATA[1111.0]]>
              </value>
            </param>
            <param index="1">
              <value>
                <![CDATA[1111.0]]>
              </value>
            </param>
          </params>
          <reporter-output>
          </reporter-output>
        </test-method> <!-- testLoginPage -->
        <test-method status="PASS" signature="testLoginPage(java.lang.String, java.lang.String)[pri:0, instance:Sir.com.TestScripts.TestScript1Login@7d907bac]" name="testLoginPage" duration-ms="3570" started-at="2020-12-02T02:26:35 IST" data-provider="actiTimeData" finished-at="2020-12-02T02:26:39 IST">
          <params>
            <param index="0">
              <value>
                <![CDATA[111.0]]>
              </value>
            </param>
            <param index="1">
              <value>
                <![CDATA[sdd1]]>
              </value>
            </param>
          </params>
          <reporter-output>
          </reporter-output>
        </test-method> <!-- testLoginPage -->
        <test-method status="PASS" signature="closeBrowser()[pri:0, instance:Sir.com.TestScripts.TestScript1Login@7d907bac]" name="closeBrowser" is-config="true" duration-ms="146" started-at="2020-12-02T02:26:49 IST" finished-at="2020-12-02T02:26:49 IST">
          <reporter-output>
          </reporter-output>
        </test-method> <!-- closeBrowser -->
      </class> <!-- Sir.com.TestScripts.TestScript1Login -->
    </test> <!-- Test -->
  </suite> <!-- Suite -->
</testng-results>
